::1 - - [30/Jun/2021:21:43:34 -0700] "GET / HTTP/1.1" 500 533
::1 - - [30/Jun/2021:21:43:34 -0700] "GET /favicon.ico HTTP/1.1" 500 533
::1 - - [30/Jun/2021:21:43:49 -0700] "GET / HTTP/1.1" 500 533
::1 - - [30/Jun/2021:21:43:50 -0700] "GET /favicon.ico HTTP/1.1" 500 533
::1 - - [30/Jun/2021:21:45:24 -0700] "GET / HTTP/1.1" 500 533
::1 - - [30/Jun/2021:21:45:24 -0700] "GET /favicon.ico HTTP/1.1" 500 533
::1 - - [30/Jun/2021:21:48:56 -0700] "GET / HTTP/1.1" 500 533
::1 - - [30/Jun/2021:21:48:57 -0700] "GET /favicon.ico HTTP/1.1" 500 533
::1 - - [30/Jun/2021:21:48:59 -0700] "GET / HTTP/1.1" 500 533
::1 - - [30/Jun/2021:21:48:59 -0700] "GET /favicon.ico HTTP/1.1" 500 533
::1 - - [30/Jun/2021:21:51:56 -0700] "GET / HTTP/1.1" 500 533
::1 - - [30/Jun/2021:21:51:56 -0700] "GET /favicon.ico HTTP/1.1" 500 533
::1 - - [30/Jun/2021:21:53:00 -0700] "GET / HTTP/1.1" 500 533
::1 - - [30/Jun/2021:21:53:01 -0700] "GET /favicon.ico HTTP/1.1" 500 533
::1 - - [30/Jun/2021:21:53:02 -0700] "GET / HTTP/1.1" 500 533
::1 - - [30/Jun/2021:21:53:02 -0700] "GET /favicon.ico HTTP/1.1" 500 533
::1 - - [30/Jun/2021:21:54:27 -0700] "GET / HTTP/1.1" 500 533
::1 - - [30/Jun/2021:21:54:27 -0700] "GET /favicon.ico HTTP/1.1" 500 533
127.0.0.1 - - [30/Jun/2021:21:55:33 -0700] "GET / HTTP/1.1" 500 533
127.0.0.1 - - [30/Jun/2021:21:55:33 -0700] "GET /favicon.ico HTTP/1.1" 500 533
127.0.0.1 - - [30/Jun/2021:21:55:40 -0700] "GET / HTTP/1.1" 500 533
127.0.0.1 - - [30/Jun/2021:21:55:51 -0700] "GET / HTTP/1.1" 500 533
::1 - - [30/Jun/2021:21:56:51 -0700] "GET / HTTP/1.1" 500 533
127.0.0.1 - - [30/Jun/2021:21:56:51 -0700] "GET /favicon.ico HTTP/1.1" 500 533
::1 - - [30/Jun/2021:22:01:43 -0700] "GET / HTTP/1.1" 200 11
::1 - - [30/Jun/2021:22:01:44 -0700] "GET /favicon.ico HTTP/1.1" 404 232
::1 - - [30/Jun/2021:22:02:07 -0700] "GET / HTTP/1.1" 200 11
::1 - - [01/Jul/2021:15:10:51 -0700] "GET / HTTP/1.1" 200 11
::1 - - [01/Jul/2021:15:10:52 -0700] "GET / HTTP/1.1" 200 11
::1 - - [01/Jul/2021:15:10:53 -0700] "GET / HTTP/1.1" 200 11
::1 - - [01/Jul/2021:15:11:51 -0700] "-" 408 -
::1 - - [01/Jul/2021:15:13:27 -0700] "GET / HTTP/1.1" 500 290
::1 - - [01/Jul/2021:15:25:59 -0700] "GET / HTTP/1.1" 500 290
::1 - - [01/Jul/2021:15:27:32 -0700] "GET / HTTP/1.1" 200 2161
::1 - - [01/Jul/2021:15:27:32 -0700] "GET /static/images/logo.svg HTTP/1.1" 404 232
::1 - - [01/Jul/2021:15:27:32 -0700] "GET /static/js/main.js HTTP/1.1" 200 3489
::1 - - [01/Jul/2021:15:27:32 -0700] "GET /static/js/browser.min.js HTTP/1.1" 200 1850
::1 - - [01/Jul/2021:15:27:32 -0700] "GET /static/js/breakpoints.min.js HTTP/1.1" 200 2438
::1 - - [01/Jul/2021:15:27:32 -0700] "GET /static/js/util.js HTTP/1.1" 200 12433
::1 - - [01/Jul/2021:15:27:32 -0700] "GET /static/js/jquery.min.js HTTP/1.1" 200 86927
::1 - - [01/Jul/2021:15:27:32 -0700] "GET /static/css/main.css HTTP/1.1" 200 62351
::1 - - [01/Jul/2021:15:27:33 -0700] "GET /static/css/font-awesome.min.css HTTP/1.1" 200 31002
::1 - - [01/Jul/2021:15:27:33 -0700] "GET /static/favicon/favicon-32x32.png HTTP/1.1" 200 1414
::1 - - [01/Jul/2021:15:27:33 -0700] "GET /static/favicon/favicon-16x16.png HTTP/1.1" 200 650
::1 - - [01/Jul/2021:15:27:40 -0700] "GET / HTTP/1.1" 200 2161
::1 - - [01/Jul/2021:15:27:40 -0700] "GET /static/css/main.css HTTP/1.1" 304 -
::1 - - [01/Jul/2021:15:27:40 -0700] "GET /static/images/logo.svg HTTP/1.1" 404 232
::1 - - [01/Jul/2021:15:27:40 -0700] "GET /static/js/jquery.min.js HTTP/1.1" 304 -
::1 - - [01/Jul/2021:15:27:40 -0700] "GET /static/js/browser.min.js HTTP/1.1" 304 -
::1 - - [01/Jul/2021:15:27:40 -0700] "GET /static/js/breakpoints.min.js HTTP/1.1" 304 -
::1 - - [01/Jul/2021:15:27:40 -0700] "GET /static/js/util.js HTTP/1.1" 304 -
::1 - - [01/Jul/2021:15:27:40 -0700] "GET /static/js/main.js HTTP/1.1" 304 -
::1 - - [01/Jul/2021:15:27:40 -0700] "GET /static/css/font-awesome.min.css HTTP/1.1" 304 -
::1 - - [01/Jul/2021:15:28:34 -0700] "GET /static/css/main.css HTTP/1.1" 304 -
::1 - - [01/Jul/2021:15:28:34 -0700] "GET /static/css/font-awesome.min.css HTTP/1.1" 304 -
::1 - - [01/Jul/2021:15:28:36 -0700] "GET / HTTP/1.1" 200 2161
::1 - - [01/Jul/2021:15:28:36 -0700] "GET /static/images/logo.svg HTTP/1.1" 404 232
::1 - - [01/Jul/2021:15:28:36 -0700] "GET /static/js/browser.min.js HTTP/1.1" 304 -
::1 - - [01/Jul/2021:15:28:36 -0700] "GET /static/js/jquery.min.js HTTP/1.1" 304 -
::1 - - [01/Jul/2021:15:28:36 -0700] "GET /static/js/breakpoints.min.js HTTP/1.1" 304 -
::1 - - [01/Jul/2021:15:28:36 -0700] "GET /static/js/util.js HTTP/1.1" 304 -
::1 - - [01/Jul/2021:15:28:37 -0700] "GET /static/css/main.css HTTP/1.1" 304 -
::1 - - [01/Jul/2021:15:28:37 -0700] "GET /static/js/main.js HTTP/1.1" 304 -
::1 - - [01/Jul/2021:15:28:37 -0700] "GET /static/css/font-awesome.min.css HTTP/1.1" 304 -
::1 - - [01/Jul/2021:15:30:33 -0700] "GET / HTTP/1.1" 200 2161
::1 - - [01/Jul/2021:15:30:33 -0700] "GET /static/js/jquery.min.js HTTP/1.1" 304 -
::1 - - [01/Jul/2021:15:30:33 -0700] "GET /static/images/logo.svg HTTP/1.1" 200 1850
::1 - - [01/Jul/2021:15:30:33 -0700] "GET /static/js/browser.min.js HTTP/1.1" 304 -
::1 - - [01/Jul/2021:15:30:33 -0700] "GET /static/css/main.css HTTP/1.1" 304 -
::1 - - [01/Jul/2021:15:30:33 -0700] "GET /static/js/util.js HTTP/1.1" 304 -
::1 - - [01/Jul/2021:15:30:33 -0700] "GET /static/js/breakpoints.min.js HTTP/1.1" 304 -
::1 - - [01/Jul/2021:15:30:33 -0700] "GET /static/js/main.js HTTP/1.1" 304 -
::1 - - [01/Jul/2021:15:30:33 -0700] "GET /static/css/font-awesome.min.css HTTP/1.1" 304 -
