[Wed Jun 30 21:43:34.628917 2021] [wsgi:error] [pid 2696:tid 1356] [client ::1:50296] mod_wsgi (pid=2696): Failed to exec Python script file 'C:/Users/pradi/nps2021/app/index/web.wsgi'.
[Wed Jun 30 21:43:34.628917 2021] [wsgi:error] [pid 2696:tid 1356] [client ::1:50296] mod_wsgi (pid=2696): Exception occurred processing WSGI script 'C:/Users/pradi/nps2021/app/index/web.wsgi'.
[Wed Jun 30 21:43:34.658262 2021] [wsgi:error] [pid 2696:tid 1356] [client ::1:50296]   File "C:/Users/pradi/nps2021/app/index/web.wsgi", line 3\r
[Wed Jun 30 21:43:34.658262 2021] [wsgi:error] [pid 2696:tid 1356] [client ::1:50296]     sys.path.insert(0, 'C:\\Users\\pradi\\nps2021\\app')\r
[Wed Jun 30 21:43:34.658262 2021] [wsgi:error] [pid 2696:tid 1356] [client ::1:50296]                        ^\r
[Wed Jun 30 21:43:34.658262 2021] [wsgi:error] [pid 2696:tid 1356] [client ::1:50296] SyntaxError: (unicode error) 'unicodeescape' codec can't decode bytes in position 2-3: truncated \\UXXXXXXXX escape\r
[Wed Jun 30 21:43:34.785655 2021] [wsgi:error] [pid 2696:tid 1348] [client ::1:50297] mod_wsgi (pid=2696): Failed to exec Python script file 'C:/Users/pradi/nps2021/app/index/web.wsgi'., referer: http://localhost:5000/
[Wed Jun 30 21:43:34.785655 2021] [wsgi:error] [pid 2696:tid 1348] [client ::1:50297] mod_wsgi (pid=2696): Exception occurred processing WSGI script 'C:/Users/pradi/nps2021/app/index/web.wsgi'., referer: http://localhost:5000/
[Wed Jun 30 21:43:34.785655 2021] [wsgi:error] [pid 2696:tid 1348] [client ::1:50297]   File "C:/Users/pradi/nps2021/app/index/web.wsgi", line 3\r, referer: http://localhost:5000/
[Wed Jun 30 21:43:34.785655 2021] [wsgi:error] [pid 2696:tid 1348] [client ::1:50297]     sys.path.insert(0, 'C:\\Users\\pradi\\nps2021\\app')\r, referer: http://localhost:5000/
[Wed Jun 30 21:43:34.785655 2021] [wsgi:error] [pid 2696:tid 1348] [client ::1:50297]                        ^\r, referer: http://localhost:5000/
[Wed Jun 30 21:43:34.785655 2021] [wsgi:error] [pid 2696:tid 1348] [client ::1:50297] SyntaxError: (unicode error) 'unicodeescape' codec can't decode bytes in position 2-3: truncated \\UXXXXXXXX escape\r, referer: http://localhost:5000/
[Wed Jun 30 21:43:49.441048 2021] [wsgi:error] [pid 2696:tid 1348] [client ::1:50302] mod_wsgi (pid=2696): Failed to exec Python script file 'C:/Users/pradi/nps2021/app/index/web.wsgi'.
[Wed Jun 30 21:43:49.441048 2021] [wsgi:error] [pid 2696:tid 1348] [client ::1:50302] mod_wsgi (pid=2696): Exception occurred processing WSGI script 'C:/Users/pradi/nps2021/app/index/web.wsgi'.
[Wed Jun 30 21:43:49.441048 2021] [wsgi:error] [pid 2696:tid 1348] [client ::1:50302]   File "C:/Users/pradi/nps2021/app/index/web.wsgi", line 3\r
[Wed Jun 30 21:43:49.441048 2021] [wsgi:error] [pid 2696:tid 1348] [client ::1:50302]     sys.path.insert(0, 'C:\\Users\\pradi\\nps2021\\app')\r
[Wed Jun 30 21:43:49.441048 2021] [wsgi:error] [pid 2696:tid 1348] [client ::1:50302]                        ^\r
[Wed Jun 30 21:43:49.441048 2021] [wsgi:error] [pid 2696:tid 1348] [client ::1:50302] SyntaxError: (unicode error) 'unicodeescape' codec can't decode bytes in position 2-3: truncated \\UXXXXXXXX escape\r
[Wed Jun 30 21:43:50.143215 2021] [wsgi:error] [pid 2696:tid 1340] [client ::1:50303] mod_wsgi (pid=2696): Failed to exec Python script file 'C:/Users/pradi/nps2021/app/index/web.wsgi'., referer: http://localhost:5000/
[Wed Jun 30 21:43:50.143215 2021] [wsgi:error] [pid 2696:tid 1340] [client ::1:50303] mod_wsgi (pid=2696): Exception occurred processing WSGI script 'C:/Users/pradi/nps2021/app/index/web.wsgi'., referer: http://localhost:5000/
[Wed Jun 30 21:43:50.143215 2021] [wsgi:error] [pid 2696:tid 1340] [client ::1:50303]   File "C:/Users/pradi/nps2021/app/index/web.wsgi", line 3\r, referer: http://localhost:5000/
[Wed Jun 30 21:43:50.143215 2021] [wsgi:error] [pid 2696:tid 1340] [client ::1:50303]     sys.path.insert(0, 'C:\\Users\\pradi\\nps2021\\app')\r, referer: http://localhost:5000/
[Wed Jun 30 21:43:50.143215 2021] [wsgi:error] [pid 2696:tid 1340] [client ::1:50303]                        ^\r, referer: http://localhost:5000/
[Wed Jun 30 21:43:50.143215 2021] [wsgi:error] [pid 2696:tid 1340] [client ::1:50303] SyntaxError: (unicode error) 'unicodeescape' codec can't decode bytes in position 2-3: truncated \\UXXXXXXXX escape\r, referer: http://localhost:5000/
[Wed Jun 30 21:45:24.779866 2021] [wsgi:error] [pid 2696:tid 1340] [client ::1:50369] mod_wsgi (pid=2696): Failed to exec Python script file 'C:/Users/pradi/nps2021/app/index/web.wsgi'.
[Wed Jun 30 21:45:24.779866 2021] [wsgi:error] [pid 2696:tid 1340] [client ::1:50369] mod_wsgi (pid=2696): Exception occurred processing WSGI script 'C:/Users/pradi/nps2021/app/index/web.wsgi'.
[Wed Jun 30 21:45:24.779866 2021] [wsgi:error] [pid 2696:tid 1340] [client ::1:50369]   File "C:/Users/pradi/nps2021/app/index/web.wsgi", line 3\r
[Wed Jun 30 21:45:24.779866 2021] [wsgi:error] [pid 2696:tid 1340] [client ::1:50369]     sys.path.insert(0, 'C:\\Users\\pradi\\nps2021\\app')\r
[Wed Jun 30 21:45:24.780863 2021] [wsgi:error] [pid 2696:tid 1340] [client ::1:50369]                        ^\r
[Wed Jun 30 21:45:24.780863 2021] [wsgi:error] [pid 2696:tid 1340] [client ::1:50369] SyntaxError: (unicode error) 'unicodeescape' codec can't decode bytes in position 2-3: truncated \\UXXXXXXXX escape\r
[Wed Jun 30 21:45:24.829437 2021] [wsgi:error] [pid 2696:tid 1340] [client ::1:50371] mod_wsgi (pid=2696): Failed to exec Python script file 'C:/Users/pradi/nps2021/app/index/web.wsgi'., referer: http://localhost:5000/
[Wed Jun 30 21:45:24.829437 2021] [wsgi:error] [pid 2696:tid 1340] [client ::1:50371] mod_wsgi (pid=2696): Exception occurred processing WSGI script 'C:/Users/pradi/nps2021/app/index/web.wsgi'., referer: http://localhost:5000/
[Wed Jun 30 21:45:24.829437 2021] [wsgi:error] [pid 2696:tid 1340] [client ::1:50371]   File "C:/Users/pradi/nps2021/app/index/web.wsgi", line 3\r, referer: http://localhost:5000/
[Wed Jun 30 21:45:24.829437 2021] [wsgi:error] [pid 2696:tid 1340] [client ::1:50371]     sys.path.insert(0, 'C:\\Users\\pradi\\nps2021\\app')\r, referer: http://localhost:5000/
[Wed Jun 30 21:45:24.829437 2021] [wsgi:error] [pid 2696:tid 1340] [client ::1:50371]                        ^\r, referer: http://localhost:5000/
[Wed Jun 30 21:45:24.829437 2021] [wsgi:error] [pid 2696:tid 1340] [client ::1:50371] SyntaxError: (unicode error) 'unicodeescape' codec can't decode bytes in position 2-3: truncated \\UXXXXXXXX escape\r, referer: http://localhost:5000/
[Wed Jun 30 21:48:56.970383 2021] [wsgi:error] [pid 8084:tid 1356] [client ::1:50691] mod_wsgi (pid=8084): Failed to exec Python script file 'C:/Users/pradi/nps2021/app/index/web.wsgi'.
[Wed Jun 30 21:48:56.970383 2021] [wsgi:error] [pid 8084:tid 1356] [client ::1:50691] mod_wsgi (pid=8084): Exception occurred processing WSGI script 'C:/Users/pradi/nps2021/app/index/web.wsgi'.
[Wed Jun 30 21:48:56.973406 2021] [wsgi:error] [pid 8084:tid 1356] [client ::1:50691]   File "C:/Users/pradi/nps2021/app/index/web.wsgi", line 3\r
[Wed Jun 30 21:48:56.973406 2021] [wsgi:error] [pid 8084:tid 1356] [client ::1:50691]     sys.path.insert(0, 'C:\\Users\\pradi\\nps2021\\app')\r
[Wed Jun 30 21:48:56.973406 2021] [wsgi:error] [pid 8084:tid 1356] [client ::1:50691]                        ^\r
[Wed Jun 30 21:48:56.973406 2021] [wsgi:error] [pid 8084:tid 1356] [client ::1:50691] SyntaxError: (unicode error) 'unicodeescape' codec can't decode bytes in position 2-3: truncated \\UXXXXXXXX escape\r
[Wed Jun 30 21:48:57.079740 2021] [wsgi:error] [pid 8084:tid 1348] [client ::1:50692] mod_wsgi (pid=8084): Failed to exec Python script file 'C:/Users/pradi/nps2021/app/index/web.wsgi'., referer: http://localhost:5000/
[Wed Jun 30 21:48:57.079740 2021] [wsgi:error] [pid 8084:tid 1348] [client ::1:50692] mod_wsgi (pid=8084): Exception occurred processing WSGI script 'C:/Users/pradi/nps2021/app/index/web.wsgi'., referer: http://localhost:5000/
[Wed Jun 30 21:48:57.079740 2021] [wsgi:error] [pid 8084:tid 1348] [client ::1:50692]   File "C:/Users/pradi/nps2021/app/index/web.wsgi", line 3\r, referer: http://localhost:5000/
[Wed Jun 30 21:48:57.079740 2021] [wsgi:error] [pid 8084:tid 1348] [client ::1:50692]     sys.path.insert(0, 'C:\\Users\\pradi\\nps2021\\app')\r, referer: http://localhost:5000/
[Wed Jun 30 21:48:57.079740 2021] [wsgi:error] [pid 8084:tid 1348] [client ::1:50692]                        ^\r, referer: http://localhost:5000/
[Wed Jun 30 21:48:57.079740 2021] [wsgi:error] [pid 8084:tid 1348] [client ::1:50692] SyntaxError: (unicode error) 'unicodeescape' codec can't decode bytes in position 2-3: truncated \\UXXXXXXXX escape\r, referer: http://localhost:5000/
[Wed Jun 30 21:48:59.558974 2021] [wsgi:error] [pid 8084:tid 1348] [client ::1:50695] mod_wsgi (pid=8084): Failed to exec Python script file 'C:/Users/pradi/nps2021/app/index/web.wsgi'.
[Wed Jun 30 21:48:59.558974 2021] [wsgi:error] [pid 8084:tid 1348] [client ::1:50695] mod_wsgi (pid=8084): Exception occurred processing WSGI script 'C:/Users/pradi/nps2021/app/index/web.wsgi'.
[Wed Jun 30 21:48:59.558974 2021] [wsgi:error] [pid 8084:tid 1348] [client ::1:50695]   File "C:/Users/pradi/nps2021/app/index/web.wsgi", line 3\r
[Wed Jun 30 21:48:59.558974 2021] [wsgi:error] [pid 8084:tid 1348] [client ::1:50695]     sys.path.insert(0, 'C:\\Users\\pradi\\nps2021\\app')\r
[Wed Jun 30 21:48:59.558974 2021] [wsgi:error] [pid 8084:tid 1348] [client ::1:50695]                        ^\r
[Wed Jun 30 21:48:59.558974 2021] [wsgi:error] [pid 8084:tid 1348] [client ::1:50695] SyntaxError: (unicode error) 'unicodeescape' codec can't decode bytes in position 2-3: truncated \\UXXXXXXXX escape\r
[Wed Jun 30 21:48:59.570940 2021] [wsgi:error] [pid 8084:tid 1356] [client ::1:50696] mod_wsgi (pid=8084): Failed to exec Python script file 'C:/Users/pradi/nps2021/app/index/web.wsgi'., referer: http://localhost:5000/
[Wed Jun 30 21:48:59.570940 2021] [wsgi:error] [pid 8084:tid 1356] [client ::1:50696] mod_wsgi (pid=8084): Exception occurred processing WSGI script 'C:/Users/pradi/nps2021/app/index/web.wsgi'., referer: http://localhost:5000/
[Wed Jun 30 21:48:59.570940 2021] [wsgi:error] [pid 8084:tid 1356] [client ::1:50696]   File "C:/Users/pradi/nps2021/app/index/web.wsgi", line 3\r, referer: http://localhost:5000/
[Wed Jun 30 21:48:59.570940 2021] [wsgi:error] [pid 8084:tid 1356] [client ::1:50696]     sys.path.insert(0, 'C:\\Users\\pradi\\nps2021\\app')\r, referer: http://localhost:5000/
[Wed Jun 30 21:48:59.570940 2021] [wsgi:error] [pid 8084:tid 1356] [client ::1:50696]                        ^\r, referer: http://localhost:5000/
[Wed Jun 30 21:48:59.570940 2021] [wsgi:error] [pid 8084:tid 1356] [client ::1:50696] SyntaxError: (unicode error) 'unicodeescape' codec can't decode bytes in position 2-3: truncated \\UXXXXXXXX escape\r, referer: http://localhost:5000/
[Wed Jun 30 21:51:56.862381 2021] [wsgi:error] [pid 8084:tid 1348] [client ::1:51037] mod_wsgi (pid=8084): Failed to exec Python script file 'C:/Users/pradi/nps2021/app/index/web.wsgi'.
[Wed Jun 30 21:51:56.862381 2021] [wsgi:error] [pid 8084:tid 1348] [client ::1:51037] mod_wsgi (pid=8084): Exception occurred processing WSGI script 'C:/Users/pradi/nps2021/app/index/web.wsgi'.
[Wed Jun 30 21:51:56.862381 2021] [wsgi:error] [pid 8084:tid 1348] [client ::1:51037]   File "C:/Users/pradi/nps2021/app/index/web.wsgi", line 3\r
[Wed Jun 30 21:51:56.862381 2021] [wsgi:error] [pid 8084:tid 1348] [client ::1:51037]     sys.path.insert(0, 'C:\\Users\\pradi\\nps2021\\app')\r
[Wed Jun 30 21:51:56.862381 2021] [wsgi:error] [pid 8084:tid 1348] [client ::1:51037]                        ^\r
[Wed Jun 30 21:51:56.862381 2021] [wsgi:error] [pid 8084:tid 1348] [client ::1:51037] SyntaxError: (unicode error) 'unicodeescape' codec can't decode bytes in position 2-3: truncated \\UXXXXXXXX escape\r
[Wed Jun 30 21:51:56.873356 2021] [wsgi:error] [pid 8084:tid 1356] [client ::1:51038] mod_wsgi (pid=8084): Failed to exec Python script file 'C:/Users/pradi/nps2021/app/index/web.wsgi'., referer: http://localhost:5000/
[Wed Jun 30 21:51:56.873356 2021] [wsgi:error] [pid 8084:tid 1356] [client ::1:51038] mod_wsgi (pid=8084): Exception occurred processing WSGI script 'C:/Users/pradi/nps2021/app/index/web.wsgi'., referer: http://localhost:5000/
[Wed Jun 30 21:51:56.874347 2021] [wsgi:error] [pid 8084:tid 1356] [client ::1:51038]   File "C:/Users/pradi/nps2021/app/index/web.wsgi", line 3\r, referer: http://localhost:5000/
[Wed Jun 30 21:51:56.874347 2021] [wsgi:error] [pid 8084:tid 1356] [client ::1:51038]     sys.path.insert(0, 'C:\\Users\\pradi\\nps2021\\app')\r, referer: http://localhost:5000/
[Wed Jun 30 21:51:56.874347 2021] [wsgi:error] [pid 8084:tid 1356] [client ::1:51038]                        ^\r, referer: http://localhost:5000/
[Wed Jun 30 21:51:56.874347 2021] [wsgi:error] [pid 8084:tid 1356] [client ::1:51038] SyntaxError: (unicode error) 'unicodeescape' codec can't decode bytes in position 2-3: truncated \\UXXXXXXXX escape\r, referer: http://localhost:5000/
[Wed Jun 30 21:53:00.753140 2021] [wsgi:error] [pid 7884:tid 1356] [client ::1:51128] mod_wsgi (pid=7884): Failed to exec Python script file 'C:/Users/pradi/nps2021/app/index/web.wsgi'.
[Wed Jun 30 21:53:01.005958 2021] [wsgi:error] [pid 7884:tid 1356] [client ::1:51128] mod_wsgi (pid=7884): Exception occurred processing WSGI script 'C:/Users/pradi/nps2021/app/index/web.wsgi'.
[Wed Jun 30 21:53:01.018917 2021] [wsgi:error] [pid 7884:tid 1356] [client ::1:51128]   File "C:/Users/pradi/nps2021/app/index/web.wsgi", line 3\r
[Wed Jun 30 21:53:01.018917 2021] [wsgi:error] [pid 7884:tid 1356] [client ::1:51128]     sys.path.insert(0, 'C:\\Users\\pradi\\nps2021\\app')\r
[Wed Jun 30 21:53:01.018917 2021] [wsgi:error] [pid 7884:tid 1356] [client ::1:51128]                        ^\r
[Wed Jun 30 21:53:01.018917 2021] [wsgi:error] [pid 7884:tid 1356] [client ::1:51128] SyntaxError: (unicode error) 'unicodeescape' codec can't decode bytes in position 2-3: truncated \\UXXXXXXXX escape\r
[Wed Jun 30 21:53:01.041844 2021] [wsgi:error] [pid 7884:tid 1348] [client ::1:51129] mod_wsgi (pid=7884): Failed to exec Python script file 'C:/Users/pradi/nps2021/app/index/web.wsgi'., referer: http://localhost:5000/
[Wed Jun 30 21:53:01.041844 2021] [wsgi:error] [pid 7884:tid 1348] [client ::1:51129] mod_wsgi (pid=7884): Exception occurred processing WSGI script 'C:/Users/pradi/nps2021/app/index/web.wsgi'., referer: http://localhost:5000/
[Wed Jun 30 21:53:01.041844 2021] [wsgi:error] [pid 7884:tid 1348] [client ::1:51129]   File "C:/Users/pradi/nps2021/app/index/web.wsgi", line 3\r, referer: http://localhost:5000/
[Wed Jun 30 21:53:01.041844 2021] [wsgi:error] [pid 7884:tid 1348] [client ::1:51129]     sys.path.insert(0, 'C:\\Users\\pradi\\nps2021\\app')\r, referer: http://localhost:5000/
[Wed Jun 30 21:53:01.041844 2021] [wsgi:error] [pid 7884:tid 1348] [client ::1:51129]                        ^\r, referer: http://localhost:5000/
[Wed Jun 30 21:53:01.041844 2021] [wsgi:error] [pid 7884:tid 1348] [client ::1:51129] SyntaxError: (unicode error) 'unicodeescape' codec can't decode bytes in position 2-3: truncated \\UXXXXXXXX escape\r, referer: http://localhost:5000/
[Wed Jun 30 21:53:02.510763 2021] [wsgi:error] [pid 7884:tid 1348] [client ::1:51132] mod_wsgi (pid=7884): Failed to exec Python script file 'C:/Users/pradi/nps2021/app/index/web.wsgi'.
[Wed Jun 30 21:53:02.510763 2021] [wsgi:error] [pid 7884:tid 1348] [client ::1:51132] mod_wsgi (pid=7884): Exception occurred processing WSGI script 'C:/Users/pradi/nps2021/app/index/web.wsgi'.
[Wed Jun 30 21:53:02.510763 2021] [wsgi:error] [pid 7884:tid 1348] [client ::1:51132]   File "C:/Users/pradi/nps2021/app/index/web.wsgi", line 3\r
[Wed Jun 30 21:53:02.510763 2021] [wsgi:error] [pid 7884:tid 1348] [client ::1:51132]     sys.path.insert(0, 'C:\\Users\\pradi\\nps2021\\app')\r
[Wed Jun 30 21:53:02.510763 2021] [wsgi:error] [pid 7884:tid 1348] [client ::1:51132]                        ^\r
[Wed Jun 30 21:53:02.510763 2021] [wsgi:error] [pid 7884:tid 1348] [client ::1:51132] SyntaxError: (unicode error) 'unicodeescape' codec can't decode bytes in position 2-3: truncated \\UXXXXXXXX escape\r
[Wed Jun 30 21:53:02.521732 2021] [wsgi:error] [pid 7884:tid 1356] [client ::1:51133] mod_wsgi (pid=7884): Failed to exec Python script file 'C:/Users/pradi/nps2021/app/index/web.wsgi'., referer: http://localhost:5000/
[Wed Jun 30 21:53:02.521732 2021] [wsgi:error] [pid 7884:tid 1356] [client ::1:51133] mod_wsgi (pid=7884): Exception occurred processing WSGI script 'C:/Users/pradi/nps2021/app/index/web.wsgi'., referer: http://localhost:5000/
[Wed Jun 30 21:53:02.521732 2021] [wsgi:error] [pid 7884:tid 1356] [client ::1:51133]   File "C:/Users/pradi/nps2021/app/index/web.wsgi", line 3\r, referer: http://localhost:5000/
[Wed Jun 30 21:53:02.522730 2021] [wsgi:error] [pid 7884:tid 1356] [client ::1:51133]     sys.path.insert(0, 'C:\\Users\\pradi\\nps2021\\app')\r, referer: http://localhost:5000/
[Wed Jun 30 21:53:02.522730 2021] [wsgi:error] [pid 7884:tid 1356] [client ::1:51133]                        ^\r, referer: http://localhost:5000/
[Wed Jun 30 21:53:02.522730 2021] [wsgi:error] [pid 7884:tid 1356] [client ::1:51133] SyntaxError: (unicode error) 'unicodeescape' codec can't decode bytes in position 2-3: truncated \\UXXXXXXXX escape\r, referer: http://localhost:5000/
[Wed Jun 30 21:54:27.668138 2021] [wsgi:error] [pid 10164:tid 1348] [client ::1:51297] mod_wsgi (pid=10164): Failed to exec Python script file 'C:/Users/pradi/nps2021/app/index/web.wsgi'.
[Wed Jun 30 21:54:27.668138 2021] [wsgi:error] [pid 10164:tid 1348] [client ::1:51297] mod_wsgi (pid=10164): Exception occurred processing WSGI script 'C:/Users/pradi/nps2021/app/index/web.wsgi'.
[Wed Jun 30 21:54:27.671130 2021] [wsgi:error] [pid 10164:tid 1348] [client ::1:51297]   File "C:/Users/pradi/nps2021/app/index/web.wsgi", line 3\r
[Wed Jun 30 21:54:27.671130 2021] [wsgi:error] [pid 10164:tid 1348] [client ::1:51297]     sys.path.insert(0, 'C:\\Users\\pradi\\nps2021\\app')\r
[Wed Jun 30 21:54:27.671130 2021] [wsgi:error] [pid 10164:tid 1348] [client ::1:51297]                        ^\r
[Wed Jun 30 21:54:27.671130 2021] [wsgi:error] [pid 10164:tid 1348] [client ::1:51297] SyntaxError: (unicode error) 'unicodeescape' codec can't decode bytes in position 2-3: truncated \\UXXXXXXXX escape\r
[Wed Jun 30 21:54:27.710025 2021] [wsgi:error] [pid 10164:tid 1332] [client ::1:51300] mod_wsgi (pid=10164): Failed to exec Python script file 'C:/Users/pradi/nps2021/app/index/web.wsgi'., referer: http://localhost:5000/
[Wed Jun 30 21:54:27.710025 2021] [wsgi:error] [pid 10164:tid 1332] [client ::1:51300] mod_wsgi (pid=10164): Exception occurred processing WSGI script 'C:/Users/pradi/nps2021/app/index/web.wsgi'., referer: http://localhost:5000/
[Wed Jun 30 21:54:27.710025 2021] [wsgi:error] [pid 10164:tid 1332] [client ::1:51300]   File "C:/Users/pradi/nps2021/app/index/web.wsgi", line 3\r, referer: http://localhost:5000/
[Wed Jun 30 21:54:27.710025 2021] [wsgi:error] [pid 10164:tid 1332] [client ::1:51300]     sys.path.insert(0, 'C:\\Users\\pradi\\nps2021\\app')\r, referer: http://localhost:5000/
[Wed Jun 30 21:54:27.711022 2021] [wsgi:error] [pid 10164:tid 1332] [client ::1:51300]                        ^\r, referer: http://localhost:5000/
[Wed Jun 30 21:54:27.711022 2021] [wsgi:error] [pid 10164:tid 1332] [client ::1:51300] SyntaxError: (unicode error) 'unicodeescape' codec can't decode bytes in position 2-3: truncated \\UXXXXXXXX escape\r, referer: http://localhost:5000/
[Wed Jun 30 21:55:33.217198 2021] [wsgi:error] [pid 12164:tid 1348] [client 127.0.0.1:51394] mod_wsgi (pid=12164): Failed to exec Python script file 'C:/Users/pradi/nps2021/app/index/web.wsgi'.
[Wed Jun 30 21:55:33.217198 2021] [wsgi:error] [pid 12164:tid 1348] [client 127.0.0.1:51394] mod_wsgi (pid=12164): Exception occurred processing WSGI script 'C:/Users/pradi/nps2021/app/index/web.wsgi'.
[Wed Jun 30 21:55:33.220190 2021] [wsgi:error] [pid 12164:tid 1348] [client 127.0.0.1:51394]   File "C:/Users/pradi/nps2021/app/index/web.wsgi", line 3\r
[Wed Jun 30 21:55:33.220190 2021] [wsgi:error] [pid 12164:tid 1348] [client 127.0.0.1:51394]     sys.path.insert(0, 'C:\\Users\\pradi\\nps2021\\app')\r
[Wed Jun 30 21:55:33.220190 2021] [wsgi:error] [pid 12164:tid 1348] [client 127.0.0.1:51394]                        ^\r
[Wed Jun 30 21:55:33.220190 2021] [wsgi:error] [pid 12164:tid 1348] [client 127.0.0.1:51394] SyntaxError: (unicode error) 'unicodeescape' codec can't decode bytes in position 2-3: truncated \\UXXXXXXXX escape\r
[Wed Jun 30 21:55:33.233131 2021] [wsgi:error] [pid 12164:tid 1340] [client 127.0.0.1:51395] mod_wsgi (pid=12164): Failed to exec Python script file 'C:/Users/pradi/nps2021/app/index/web.wsgi'., referer: http://localhost:5000/
[Wed Jun 30 21:55:33.233131 2021] [wsgi:error] [pid 12164:tid 1340] [client 127.0.0.1:51395] mod_wsgi (pid=12164): Exception occurred processing WSGI script 'C:/Users/pradi/nps2021/app/index/web.wsgi'., referer: http://localhost:5000/
[Wed Jun 30 21:55:33.233131 2021] [wsgi:error] [pid 12164:tid 1340] [client 127.0.0.1:51395]   File "C:/Users/pradi/nps2021/app/index/web.wsgi", line 3\r, referer: http://localhost:5000/
[Wed Jun 30 21:55:33.233131 2021] [wsgi:error] [pid 12164:tid 1340] [client 127.0.0.1:51395]     sys.path.insert(0, 'C:\\Users\\pradi\\nps2021\\app')\r, referer: http://localhost:5000/
[Wed Jun 30 21:55:33.233131 2021] [wsgi:error] [pid 12164:tid 1340] [client 127.0.0.1:51395]                        ^\r, referer: http://localhost:5000/
[Wed Jun 30 21:55:33.233131 2021] [wsgi:error] [pid 12164:tid 1340] [client 127.0.0.1:51395] SyntaxError: (unicode error) 'unicodeescape' codec can't decode bytes in position 2-3: truncated \\UXXXXXXXX escape\r, referer: http://localhost:5000/
[Wed Jun 30 21:55:40.566967 2021] [wsgi:error] [pid 12164:tid 1348] [client 127.0.0.1:51407] mod_wsgi (pid=12164): Failed to exec Python script file 'C:/Users/pradi/nps2021/app/index/web.wsgi'.
[Wed Jun 30 21:55:40.566967 2021] [wsgi:error] [pid 12164:tid 1348] [client 127.0.0.1:51407] mod_wsgi (pid=12164): Exception occurred processing WSGI script 'C:/Users/pradi/nps2021/app/index/web.wsgi'.
[Wed Jun 30 21:55:40.566967 2021] [wsgi:error] [pid 12164:tid 1348] [client 127.0.0.1:51407]   File "C:/Users/pradi/nps2021/app/index/web.wsgi", line 3\r
[Wed Jun 30 21:55:40.566967 2021] [wsgi:error] [pid 12164:tid 1348] [client 127.0.0.1:51407]     sys.path.insert(0, 'C:\\Users\\pradi\\nps2021\\app')\r
[Wed Jun 30 21:55:40.566967 2021] [wsgi:error] [pid 12164:tid 1348] [client 127.0.0.1:51407]                        ^\r
[Wed Jun 30 21:55:40.566967 2021] [wsgi:error] [pid 12164:tid 1348] [client 127.0.0.1:51407] SyntaxError: (unicode error) 'unicodeescape' codec can't decode bytes in position 2-3: truncated \\UXXXXXXXX escape\r
[Wed Jun 30 21:55:51.457183 2021] [wsgi:error] [pid 12164:tid 1332] [client 127.0.0.1:51423] mod_wsgi (pid=12164): Failed to exec Python script file 'C:/Users/pradi/nps2021/app/index/web.wsgi'.
[Wed Jun 30 21:55:51.457183 2021] [wsgi:error] [pid 12164:tid 1332] [client 127.0.0.1:51423] mod_wsgi (pid=12164): Exception occurred processing WSGI script 'C:/Users/pradi/nps2021/app/index/web.wsgi'.
[Wed Jun 30 21:55:51.457183 2021] [wsgi:error] [pid 12164:tid 1332] [client 127.0.0.1:51423]   File "C:/Users/pradi/nps2021/app/index/web.wsgi", line 3\r
[Wed Jun 30 21:55:51.457183 2021] [wsgi:error] [pid 12164:tid 1332] [client 127.0.0.1:51423]     sys.path.insert(0, 'C:\\Users\\pradi\\nps2021\\app')\r
[Wed Jun 30 21:55:51.458183 2021] [wsgi:error] [pid 12164:tid 1332] [client 127.0.0.1:51423]                        ^\r
[Wed Jun 30 21:55:51.458183 2021] [wsgi:error] [pid 12164:tid 1332] [client 127.0.0.1:51423] SyntaxError: (unicode error) 'unicodeescape' codec can't decode bytes in position 2-3: truncated \\UXXXXXXXX escape\r
[Wed Jun 30 21:56:51.267597 2021] [wsgi:error] [pid 6304:tid 1356] [client ::1:51507] mod_wsgi (pid=6304): Failed to exec Python script file 'C:/Users/pradi/nps2021/app/index/web.wsgi'.
[Wed Jun 30 21:56:51.268559 2021] [wsgi:error] [pid 6304:tid 1356] [client ::1:51507] mod_wsgi (pid=6304): Exception occurred processing WSGI script 'C:/Users/pradi/nps2021/app/index/web.wsgi'.
[Wed Jun 30 21:56:51.271586 2021] [wsgi:error] [pid 6304:tid 1356] [client ::1:51507]   File "C:/Users/pradi/nps2021/app/index/web.wsgi", line 3\r
[Wed Jun 30 21:56:51.271586 2021] [wsgi:error] [pid 6304:tid 1356] [client ::1:51507]     sys.path.insert(0, 'C:\\Users\\pradi\\nps2021\\app')\r
[Wed Jun 30 21:56:51.271586 2021] [wsgi:error] [pid 6304:tid 1356] [client ::1:51507]                        ^\r
[Wed Jun 30 21:56:51.271586 2021] [wsgi:error] [pid 6304:tid 1356] [client ::1:51507] SyntaxError: (unicode error) 'unicodeescape' codec can't decode bytes in position 2-3: truncated \\UXXXXXXXX escape\r
[Wed Jun 30 21:56:51.314436 2021] [wsgi:error] [pid 6304:tid 1348] [client 127.0.0.1:51508] mod_wsgi (pid=6304): Failed to exec Python script file 'C:/Users/pradi/nps2021/app/index/web.wsgi'., referer: http://localhost:5000/
[Wed Jun 30 21:56:51.314436 2021] [wsgi:error] [pid 6304:tid 1348] [client 127.0.0.1:51508] mod_wsgi (pid=6304): Exception occurred processing WSGI script 'C:/Users/pradi/nps2021/app/index/web.wsgi'., referer: http://localhost:5000/
[Wed Jun 30 21:56:51.314436 2021] [wsgi:error] [pid 6304:tid 1348] [client 127.0.0.1:51508]   File "C:/Users/pradi/nps2021/app/index/web.wsgi", line 3\r, referer: http://localhost:5000/
[Wed Jun 30 21:56:51.314436 2021] [wsgi:error] [pid 6304:tid 1348] [client 127.0.0.1:51508]     sys.path.insert(0, 'C:\\Users\\pradi\\nps2021\\app')\r, referer: http://localhost:5000/
[Wed Jun 30 21:56:51.314436 2021] [wsgi:error] [pid 6304:tid 1348] [client 127.0.0.1:51508]                        ^\r, referer: http://localhost:5000/
[Wed Jun 30 21:56:51.314436 2021] [wsgi:error] [pid 6304:tid 1348] [client 127.0.0.1:51508] SyntaxError: (unicode error) 'unicodeescape' codec can't decode bytes in position 2-3: truncated \\UXXXXXXXX escape\r, referer: http://localhost:5000/
[Thu Jul 01 15:13:29.298338 2021] [wsgi:error] [pid 11780:tid 1356] [client ::1:57570] [2021-07-01 15:13:29,281] ERROR in app: Exception on / [GET]\r
[Thu Jul 01 15:13:29.298338 2021] [wsgi:error] [pid 11780:tid 1356] [client ::1:57570] Traceback (most recent call last):\r
[Thu Jul 01 15:13:29.298338 2021] [wsgi:error] [pid 11780:tid 1356] [client ::1:57570]   File "c:\\users\\pradi\\nps2021\\Lib\\site-packages\\flask\\app.py", line 2070, in wsgi_app\r
[Thu Jul 01 15:13:29.298338 2021] [wsgi:error] [pid 11780:tid 1356] [client ::1:57570]     response = self.full_dispatch_request()\r
[Thu Jul 01 15:13:29.298338 2021] [wsgi:error] [pid 11780:tid 1356] [client ::1:57570]   File "c:\\users\\pradi\\nps2021\\Lib\\site-packages\\flask\\app.py", line 1515, in full_dispatch_request\r
[Thu Jul 01 15:13:29.298338 2021] [wsgi:error] [pid 11780:tid 1356] [client ::1:57570]     rv = self.handle_user_exception(e)\r
[Thu Jul 01 15:13:29.298338 2021] [wsgi:error] [pid 11780:tid 1356] [client ::1:57570]   File "c:\\users\\pradi\\nps2021\\Lib\\site-packages\\flask\\app.py", line 1513, in full_dispatch_request\r
[Thu Jul 01 15:13:29.298338 2021] [wsgi:error] [pid 11780:tid 1356] [client ::1:57570]     rv = self.dispatch_request()\r
[Thu Jul 01 15:13:29.298338 2021] [wsgi:error] [pid 11780:tid 1356] [client ::1:57570]   File "c:\\users\\pradi\\nps2021\\Lib\\site-packages\\flask\\app.py", line 1499, in dispatch_request\r
[Thu Jul 01 15:13:29.298338 2021] [wsgi:error] [pid 11780:tid 1356] [client ::1:57570]     return self.ensure_sync(self.view_functions[rule.endpoint])(**req.view_args)\r
[Thu Jul 01 15:13:29.298338 2021] [wsgi:error] [pid 11780:tid 1356] [client ::1:57570]   File "C:\\Users/pradi/nps2021/app\\views.py", line 7, in home\r
[Thu Jul 01 15:13:29.298338 2021] [wsgi:error] [pid 11780:tid 1356] [client ::1:57570]     return render_template('home.html')\r
[Thu Jul 01 15:13:29.298338 2021] [wsgi:error] [pid 11780:tid 1356] [client ::1:57570]   File "c:\\users\\pradi\\nps2021\\Lib\\site-packages\\flask\\templating.py", line 147, in render_template\r
[Thu Jul 01 15:13:29.298338 2021] [wsgi:error] [pid 11780:tid 1356] [client ::1:57570]     return _render(\r
[Thu Jul 01 15:13:29.298338 2021] [wsgi:error] [pid 11780:tid 1356] [client ::1:57570]   File "c:\\users\\pradi\\nps2021\\Lib\\site-packages\\flask\\templating.py", line 128, in _render\r
[Thu Jul 01 15:13:29.298338 2021] [wsgi:error] [pid 11780:tid 1356] [client ::1:57570]     rv = template.render(context)\r
[Thu Jul 01 15:13:29.298338 2021] [wsgi:error] [pid 11780:tid 1356] [client ::1:57570]   File "c:\\users\\pradi\\nps2021\\Lib\\site-packages\\jinja2\\environment.py", line 1304, in render\r
[Thu Jul 01 15:13:29.298338 2021] [wsgi:error] [pid 11780:tid 1356] [client ::1:57570]     self.environment.handle_exception()\r
[Thu Jul 01 15:13:29.298338 2021] [wsgi:error] [pid 11780:tid 1356] [client ::1:57570]   File "c:\\users\\pradi\\nps2021\\Lib\\site-packages\\jinja2\\environment.py", line 925, in handle_exception\r
[Thu Jul 01 15:13:29.298338 2021] [wsgi:error] [pid 11780:tid 1356] [client ::1:57570]     raise rewrite_traceback_stack(source=source)\r
[Thu Jul 01 15:13:29.298338 2021] [wsgi:error] [pid 11780:tid 1356] [client ::1:57570]   File "C:\\Users\\pradi\\nps2021\\app\\templates\\home.html", line 12, in top-level template code\r
[Thu Jul 01 15:13:29.298338 2021] [wsgi:error] [pid 11780:tid 1356] [client ::1:57570]     {% include 'favicon.html' %}\r
[Thu Jul 01 15:13:29.298338 2021] [wsgi:error] [pid 11780:tid 1356] [client ::1:57570]   File "c:\\users\\pradi\\nps2021\\Lib\\site-packages\\flask\\templating.py", line 59, in get_source\r
[Thu Jul 01 15:13:29.298338 2021] [wsgi:error] [pid 11780:tid 1356] [client ::1:57570]     return self._get_source_fast(environment, template)\r
[Thu Jul 01 15:13:29.298338 2021] [wsgi:error] [pid 11780:tid 1356] [client ::1:57570]   File "c:\\users\\pradi\\nps2021\\Lib\\site-packages\\flask\\templating.py", line 95, in _get_source_fast\r
[Thu Jul 01 15:13:29.298338 2021] [wsgi:error] [pid 11780:tid 1356] [client ::1:57570]     raise TemplateNotFound(template)\r
[Thu Jul 01 15:13:29.298338 2021] [wsgi:error] [pid 11780:tid 1356] [client ::1:57570] jinja2.exceptions.TemplateNotFound: favicon.html\r
[Thu Jul 01 15:26:00.186797 2021] [wsgi:error] [pid 8604:tid 1340] [client ::1:58746] [2021-07-01 15:26:00,185] ERROR in app: Exception on / [GET]\r
[Thu Jul 01 15:26:00.186797 2021] [wsgi:error] [pid 8604:tid 1340] [client ::1:58746] Traceback (most recent call last):\r
[Thu Jul 01 15:26:00.186797 2021] [wsgi:error] [pid 8604:tid 1340] [client ::1:58746]   File "c:\\users\\pradi\\nps2021\\Lib\\site-packages\\flask\\app.py", line 2070, in wsgi_app\r
[Thu Jul 01 15:26:00.186797 2021] [wsgi:error] [pid 8604:tid 1340] [client ::1:58746]     response = self.full_dispatch_request()\r
[Thu Jul 01 15:26:00.186797 2021] [wsgi:error] [pid 8604:tid 1340] [client ::1:58746]   File "c:\\users\\pradi\\nps2021\\Lib\\site-packages\\flask\\app.py", line 1515, in full_dispatch_request\r
[Thu Jul 01 15:26:00.186797 2021] [wsgi:error] [pid 8604:tid 1340] [client ::1:58746]     rv = self.handle_user_exception(e)\r
[Thu Jul 01 15:26:00.187795 2021] [wsgi:error] [pid 8604:tid 1340] [client ::1:58746]   File "c:\\users\\pradi\\nps2021\\Lib\\site-packages\\flask\\app.py", line 1513, in full_dispatch_request\r
[Thu Jul 01 15:26:00.187795 2021] [wsgi:error] [pid 8604:tid 1340] [client ::1:58746]     rv = self.dispatch_request()\r
[Thu Jul 01 15:26:00.187795 2021] [wsgi:error] [pid 8604:tid 1340] [client ::1:58746]   File "c:\\users\\pradi\\nps2021\\Lib\\site-packages\\flask\\app.py", line 1499, in dispatch_request\r
[Thu Jul 01 15:26:00.187795 2021] [wsgi:error] [pid 8604:tid 1340] [client ::1:58746]     return self.ensure_sync(self.view_functions[rule.endpoint])(**req.view_args)\r
[Thu Jul 01 15:26:00.187795 2021] [wsgi:error] [pid 8604:tid 1340] [client ::1:58746]   File "C:\\Users/pradi/nps2021/app\\views.py", line 7, in home\r
[Thu Jul 01 15:26:00.187795 2021] [wsgi:error] [pid 8604:tid 1340] [client ::1:58746]     return render_template('home.html')\r
[Thu Jul 01 15:26:00.187795 2021] [wsgi:error] [pid 8604:tid 1340] [client ::1:58746]   File "c:\\users\\pradi\\nps2021\\Lib\\site-packages\\flask\\templating.py", line 147, in render_template\r
[Thu Jul 01 15:26:00.187795 2021] [wsgi:error] [pid 8604:tid 1340] [client ::1:58746]     return _render(\r
[Thu Jul 01 15:26:00.187795 2021] [wsgi:error] [pid 8604:tid 1340] [client ::1:58746]   File "c:\\users\\pradi\\nps2021\\Lib\\site-packages\\flask\\templating.py", line 128, in _render\r
[Thu Jul 01 15:26:00.187795 2021] [wsgi:error] [pid 8604:tid 1340] [client ::1:58746]     rv = template.render(context)\r
[Thu Jul 01 15:26:00.187795 2021] [wsgi:error] [pid 8604:tid 1340] [client ::1:58746]   File "c:\\users\\pradi\\nps2021\\Lib\\site-packages\\jinja2\\environment.py", line 1304, in render\r
[Thu Jul 01 15:26:00.187795 2021] [wsgi:error] [pid 8604:tid 1340] [client ::1:58746]     self.environment.handle_exception()\r
[Thu Jul 01 15:26:00.187795 2021] [wsgi:error] [pid 8604:tid 1340] [client ::1:58746]   File "c:\\users\\pradi\\nps2021\\Lib\\site-packages\\jinja2\\environment.py", line 925, in handle_exception\r
[Thu Jul 01 15:26:00.187795 2021] [wsgi:error] [pid 8604:tid 1340] [client ::1:58746]     raise rewrite_traceback_stack(source=source)\r
[Thu Jul 01 15:26:00.187795 2021] [wsgi:error] [pid 8604:tid 1340] [client ::1:58746]   File "C:\\Users\\pradi\\nps2021\\app\\templates\\home.html", line 12, in top-level template code\r
[Thu Jul 01 15:26:00.187795 2021] [wsgi:error] [pid 8604:tid 1340] [client ::1:58746]     {% include 'favicon.html' %}\r
[Thu Jul 01 15:26:00.187795 2021] [wsgi:error] [pid 8604:tid 1340] [client ::1:58746]   File "c:\\users\\pradi\\nps2021\\Lib\\site-packages\\flask\\templating.py", line 59, in get_source\r
[Thu Jul 01 15:26:00.187795 2021] [wsgi:error] [pid 8604:tid 1340] [client ::1:58746]     return self._get_source_fast(environment, template)\r
[Thu Jul 01 15:26:00.187795 2021] [wsgi:error] [pid 8604:tid 1340] [client ::1:58746]   File "c:\\users\\pradi\\nps2021\\Lib\\site-packages\\flask\\templating.py", line 95, in _get_source_fast\r
[Thu Jul 01 15:26:00.187795 2021] [wsgi:error] [pid 8604:tid 1340] [client ::1:58746]     raise TemplateNotFound(template)\r
[Thu Jul 01 15:26:00.187795 2021] [wsgi:error] [pid 8604:tid 1340] [client ::1:58746] jinja2.exceptions.TemplateNotFound: favicon.html\r
[Thu Jul 01 17:48:17.682245 2021] [wsgi:error] [pid 15420:tid 1328] [client ::1:61011] [2021-07-01 17:48:17,670] ERROR in app: Exception on /search [GET]\r, referer: http://localhost:5000/
[Thu Jul 01 17:48:17.682245 2021] [wsgi:error] [pid 15420:tid 1328] [client ::1:61011] Traceback (most recent call last):\r, referer: http://localhost:5000/
[Thu Jul 01 17:48:17.682245 2021] [wsgi:error] [pid 15420:tid 1328] [client ::1:61011]   File "c:\\users\\pradi\\nps2021\\Lib\\site-packages\\flask\\app.py", line 2070, in wsgi_app\r, referer: http://localhost:5000/
[Thu Jul 01 17:48:17.682245 2021] [wsgi:error] [pid 15420:tid 1328] [client ::1:61011]     response = self.full_dispatch_request()\r, referer: http://localhost:5000/
[Thu Jul 01 17:48:17.682245 2021] [wsgi:error] [pid 15420:tid 1328] [client ::1:61011]   File "c:\\users\\pradi\\nps2021\\Lib\\site-packages\\flask\\app.py", line 1515, in full_dispatch_request\r, referer: http://localhost:5000/
[Thu Jul 01 17:48:17.682245 2021] [wsgi:error] [pid 15420:tid 1328] [client ::1:61011]     rv = self.handle_user_exception(e)\r, referer: http://localhost:5000/
[Thu Jul 01 17:48:17.682245 2021] [wsgi:error] [pid 15420:tid 1328] [client ::1:61011]   File "c:\\users\\pradi\\nps2021\\Lib\\site-packages\\flask\\app.py", line 1513, in full_dispatch_request\r, referer: http://localhost:5000/
[Thu Jul 01 17:48:17.682245 2021] [wsgi:error] [pid 15420:tid 1328] [client ::1:61011]     rv = self.dispatch_request()\r, referer: http://localhost:5000/
[Thu Jul 01 17:48:17.682245 2021] [wsgi:error] [pid 15420:tid 1328] [client ::1:61011]   File "c:\\users\\pradi\\nps2021\\Lib\\site-packages\\flask\\app.py", line 1499, in dispatch_request\r, referer: http://localhost:5000/
[Thu Jul 01 17:48:17.682245 2021] [wsgi:error] [pid 15420:tid 1328] [client ::1:61011]     return self.ensure_sync(self.view_functions[rule.endpoint])(**req.view_args)\r, referer: http://localhost:5000/
[Thu Jul 01 17:48:17.682245 2021] [wsgi:error] [pid 15420:tid 1328] [client ::1:61011]   File "C:\\Users/pradi/nps2021/app\\views.py", line 11, in search\r, referer: http://localhost:5000/
[Thu Jul 01 17:48:17.682245 2021] [wsgi:error] [pid 15420:tid 1328] [client ::1:61011]     return render_template('team-info-search.html')\r, referer: http://localhost:5000/
[Thu Jul 01 17:48:17.682245 2021] [wsgi:error] [pid 15420:tid 1328] [client ::1:61011]   File "c:\\users\\pradi\\nps2021\\Lib\\site-packages\\flask\\templating.py", line 148, in render_template\r, referer: http://localhost:5000/
[Thu Jul 01 17:48:17.682245 2021] [wsgi:error] [pid 15420:tid 1328] [client ::1:61011]     ctx.app.jinja_env.get_or_select_template(template_name_or_list),\r, referer: http://localhost:5000/
[Thu Jul 01 17:48:17.682245 2021] [wsgi:error] [pid 15420:tid 1328] [client ::1:61011]   File "c:\\users\\pradi\\nps2021\\Lib\\site-packages\\jinja2\\environment.py", line 1068, in get_or_select_template\r, referer: http://localhost:5000/
[Thu Jul 01 17:48:17.682245 2021] [wsgi:error] [pid 15420:tid 1328] [client ::1:61011]     return self.get_template(template_name_or_list, parent, globals)\r, referer: http://localhost:5000/
[Thu Jul 01 17:48:17.682245 2021] [wsgi:error] [pid 15420:tid 1328] [client ::1:61011]   File "c:\\users\\pradi\\nps2021\\Lib\\site-packages\\jinja2\\environment.py", line 997, in get_template\r, referer: http://localhost:5000/
[Thu Jul 01 17:48:17.682245 2021] [wsgi:error] [pid 15420:tid 1328] [client ::1:61011]     return self._load_template(name, globals)\r, referer: http://localhost:5000/
[Thu Jul 01 17:48:17.682245 2021] [wsgi:error] [pid 15420:tid 1328] [client ::1:61011]   File "c:\\users\\pradi\\nps2021\\Lib\\site-packages\\jinja2\\environment.py", line 958, in _load_template\r, referer: http://localhost:5000/
[Thu Jul 01 17:48:17.682245 2021] [wsgi:error] [pid 15420:tid 1328] [client ::1:61011]     template = self.loader.load(self, name, self.make_globals(globals))\r, referer: http://localhost:5000/
[Thu Jul 01 17:48:17.682245 2021] [wsgi:error] [pid 15420:tid 1328] [client ::1:61011]   File "c:\\users\\pradi\\nps2021\\Lib\\site-packages\\jinja2\\loaders.py", line 125, in load\r, referer: http://localhost:5000/
[Thu Jul 01 17:48:17.682245 2021] [wsgi:error] [pid 15420:tid 1328] [client ::1:61011]     source, filename, uptodate = self.get_source(environment, name)\r, referer: http://localhost:5000/
[Thu Jul 01 17:48:17.682245 2021] [wsgi:error] [pid 15420:tid 1328] [client ::1:61011]   File "c:\\users\\pradi\\nps2021\\Lib\\site-packages\\flask\\templating.py", line 59, in get_source\r, referer: http://localhost:5000/
[Thu Jul 01 17:48:17.682245 2021] [wsgi:error] [pid 15420:tid 1328] [client ::1:61011]     return self._get_source_fast(environment, template)\r, referer: http://localhost:5000/
[Thu Jul 01 17:48:17.682245 2021] [wsgi:error] [pid 15420:tid 1328] [client ::1:61011]   File "c:\\users\\pradi\\nps2021\\Lib\\site-packages\\flask\\templating.py", line 95, in _get_source_fast\r, referer: http://localhost:5000/
[Thu Jul 01 17:48:17.682245 2021] [wsgi:error] [pid 15420:tid 1328] [client ::1:61011]     raise TemplateNotFound(template)\r, referer: http://localhost:5000/
[Thu Jul 01 17:48:17.682245 2021] [wsgi:error] [pid 15420:tid 1328] [client ::1:61011] jinja2.exceptions.TemplateNotFound: team-info-search.html\r, referer: http://localhost:5000/
[Mon Jul 05 15:06:51.768327 2021] [wsgi:error] [pid 16152:tid 1344] [client ::1:54764] <FileStorage: 'SampleResume.docx' ('application/vnd.openxmlformats-officedocument.wordprocessingml.document')>\r, referer: http://localhost:5000/upload_files
